<?xml version="1.0" encoding="UTF-8"?>
<!DOCTYPE coverage SYSTEM "http://cobertura.sourceforge.net/xml/coverage-04.dtd">
<coverage line-rate="0.026138097" branch-rate="0" version="" timestamp="1751637703955" lines-covered="120" lines-valid="4591" branches-covered="0" branches-valid="0" complexity="0">
	<sources>
		<source>/usr/lib/go-1.24/src</source>
		<source>/home/rossg/go/src</source>
	</sources>
	<packages>
		<package name="github.com/nourspeed/provider-libvirt/apis/cloudinit/v1alpha1" line-rate="0" branch-rate="0" complexity="0">
			<classes>
				<class name="-" filename="github.com/nourspeed/provider-libvirt/apis/cloudinit/v1alpha1/zz_disk_types.go" line-rate="0" branch-rate="0" complexity="0">
					<methods>
						<method name="init" signature="" line-rate="0" branch-rate="0" complexity="0">
							<lines>
								<line number="121" hits="0"></line>
								<line number="122" hits="0"></line>
								<line number="123" hits="0"></line>
							</lines>
						</method>
					</methods>
					<lines>
						<line number="121" hits="0"></line>
						<line number="122" hits="0"></line>
						<line number="123" hits="0"></line>
					</lines>
				</class>
				<class name="Disk" filename="github.com/nourspeed/provider-libvirt/apis/cloudinit/v1alpha1/zz_generated.deepcopy.go" line-rate="0" branch-rate="0" complexity="0">
					<methods>
						<method name="DeepCopyInto" signature="" line-rate="0" branch-rate="0" complexity="0">
							<lines>
								<line number="16" hits="0"></line>
								<line number="17" hits="0"></line>
								<line number="18" hits="0"></line>
								<line number="19" hits="0"></line>
								<line number="20" hits="0"></line>
								<line number="21" hits="0"></line>
								<line number="22" hits="0"></line>
							</lines>
						</method>
						<method name="DeepCopy" signature="" line-rate="0" branch-rate="0" complexity="0">
							<lines>
								<line number="25" hits="0"></line>
								<line number="26" hits="0"></line>
								<line number="27" hits="0"></line>
								<line number="28" hits="0"></line>
								<line number="29" hits="0"></line>
								<line number="30" hits="0"></line>
								<line number="31" hits="0"></line>
							</lines>
						</method>
						<method name="DeepCopyObject" signature="" line-rate="0" branch-rate="0" complexity="0">
							<lines>
								<line number="35" hits="0"></line>
								<line number="36" hits="0"></line>
								<line number="37" hits="0"></line>
								<line number="38" hits="0"></line>
								<line number="39" hits="0"></line>
							</lines>
						</method>
					</methods>
					<lines>
						<line number="16" hits="0"></line>
						<line number="17" hits="0"></line>
						<line number="18" hits="0"></line>
						<line number="19" hits="0"></line>
						<line number="20" hits="0"></line>
						<line number="21" hits="0"></line>
						<line number="22" hits="0"></line>
						<line number="25" hits="0"></line>
						<line number="26" hits="0"></line>
						<line number="27" hits="0"></line>
						<line number="28" hits="0"></line>
						<line number="29" hits="0"></line>
						<line number="30" hits="0"></line>
						<line number="31" hits="0"></line>
						<line number="35" hits="0"></line>
						<line number="36" hits="0"></line>
						<line number="37" hits="0"></line>
						<line number="38" hits="0"></line>
						<line number="39" hits="0"></line>
					</lines>
				</class>
				<class name="DiskInitParameters" filename="github.com/nourspeed/provider-libvirt/apis/cloudinit/v1alpha1/zz_generated.deepcopy.go" line-rate="0" branch-rate="0" complexity="0">
					<methods>
						<method name="DeepCopyInto" signature="" line-rate="0" branch-rate="0" complexity="0">
							<lines>
								<line number="43" hits="0"></line>
								<line number="44" hits="0"></line>
								<line number="45" hits="0"></line>
								<line number="46" hits="0"></line>
								<line number="47" hits="0"></line>
								<line number="48" hits="0"></line>
								<line number="49" hits="0"></line>
								<line number="50" hits="0"></line>
								<line number="51" hits="0"></line>
								<line number="52" hits="0"></line>
								<line number="53" hits="0"></line>
								<line number="54" hits="0"></line>
								<line number="55" hits="0"></line>
								<line number="56" hits="0"></line>
								<line number="57" hits="0"></line>
								<line number="58" hits="0"></line>
								<line number="59" hits="0"></line>
								<line number="60" hits="0"></line>
								<line number="61" hits="0"></line>
								<line number="62" hits="0"></line>
								<line number="63" hits="0"></line>
								<line number="64" hits="0"></line>
								<line number="65" hits="0"></line>
								<line number="66" hits="0"></line>
								<line number="67" hits="0"></line>
								<line number="68" hits="0"></line>
								<line number="69" hits="0"></line>
							</lines>
						</method>
						<method name="DeepCopy" signature="" line-rate="0" branch-rate="0" complexity="0">
							<lines>
								<line number="73" hits="0"></line>
								<line number="74" hits="0"></line>
								<line number="75" hits="0"></line>
								<line number="76" hits="0"></line>
								<line number="77" hits="0"></line>
								<line number="78" hits="0"></line>
								<line number="79" hits="0"></line>
							</lines>
						</method>
					</methods>
					<lines>
						<line number="43" hits="0"></line>
						<line number="44" hits="0"></line>
						<line number="45" hits="0"></line>
						<line number="46" hits="0"></line>
						<line number="47" hits="0"></line>
						<line number="48" hits="0"></line>
						<line number="49" hits="0"></line>
						<line number="50" hits="0"></line>
						<line number="51" hits="0"></line>
						<line number="52" hits="0"></line>
						<line number="53" hits="0"></line>
						<line number="54" hits="0"></line>
						<line number="55" hits="0"></line>
						<line number="56" hits="0"></line>
						<line number="57" hits="0"></line>
						<line number="58" hits="0"></line>
						<line number="59" hits="0"></line>
						<line number="60" hits="0"></line>
						<line number="61" hits="0"></line>
						<line number="62" hits="0"></line>
						<line number="63" hits="0"></line>
						<line number="64" hits="0"></line>
						<line number="65" hits="0"></line>
						<line number="66" hits="0"></line>
						<line number="67" hits="0"></line>
						<line number="68" hits="0"></line>
						<line number="69" hits="0"></line>
						<line number="73" hits="0"></line>
						<line number="74" hits="0"></line>
						<line number="75" hits="0"></line>
						<line number="76" hits="0"></line>
						<line number="77" hits="0"></line>
						<line number="78" hits="0"></line>
						<line number="79" hits="0"></line>
					</lines>
				</class>
				<class name="DiskList" filename="github.com/nourspeed/provider-libvirt/apis/cloudinit/v1alpha1/zz_generated.deepcopy.go" line-rate="0" branch-rate="0" complexity="0">
					<methods>
						<method name="DeepCopyInto" signature="" line-rate="0" branch-rate="0" complexity="0">
							<lines>
								<line number="83" hits="0"></line>
								<line number="84" hits="0"></line>
								<line number="85" hits="0"></line>
								<line number="86" hits="0"></line>
								<line number="87" hits="0"></line>
								<line number="88" hits="0"></line>
								<line number="89" hits="0"></line>
								<line number="90" hits="0"></line>
								<line number="91" hits="0"></line>
								<line number="92" hits="0"></line>
							</lines>
						</method>
						<method name="DeepCopy" signature="" line-rate="0" branch-rate="0" complexity="0">
							<lines>
								<line number="97" hits="0"></line>
								<line number="98" hits="0"></line>
								<line number="99" hits="0"></line>
								<line number="100" hits="0"></line>
								<line number="101" hits="0"></line>
								<line number="102" hits="0"></line>
								<line number="103" hits="0"></line>
							</lines>
						</method>
						<method name="DeepCopyObject" signature="" line-rate="0" branch-rate="0" complexity="0">
							<lines>
								<line number="107" hits="0"></line>
								<line number="108" hits="0"></line>
								<line number="109" hits="0"></line>
								<line number="110" hits="0"></line>
								<line number="111" hits="0"></line>
							</lines>
						</method>
					</methods>
					<lines>
						<line number="83" hits="0"></line>
						<line number="84" hits="0"></line>
						<line number="85" hits="0"></line>
						<line number="86" hits="0"></line>
						<line number="87" hits="0"></line>
						<line number="88" hits="0"></line>
						<line number="89" hits="0"></line>
						<line number="90" hits="0"></line>
						<line number="91" hits="0"></line>
						<line number="92" hits="0"></line>
						<line number="97" hits="0"></line>
						<line number="98" hits="0"></line>
						<line number="99" hits="0"></line>
						<line number="100" hits="0"></line>
						<line number="101" hits="0"></line>
						<line number="102" hits="0"></line>
						<line number="103" hits="0"></line>
						<line number="107" hits="0"></line>
						<line number="108" hits="0"></line>
						<line number="109" hits="0"></line>
						<line number="110" hits="0"></line>
						<line number="111" hits="0"></line>
					</lines>
				</class>
				<class name="DiskObservation" filename="github.com/nourspeed/provider-libvirt/apis/cloudinit/v1alpha1/zz_generated.deepcopy.go" line-rate="0" branch-rate="0" complexity="0">
					<methods>
						<method name="DeepCopyInto" signature="" line-rate="0" branch-rate="0" complexity="0">
							<lines>
								<line number="115" hits="0"></line>
								<line number="116" hits="0"></line>
								<line number="117" hits="0"></line>
								<line number="118" hits="0"></line>
								<line number="119" hits="0"></line>
								<line number="120" hits="0"></line>
								<line number="121" hits="0"></line>
								<line number="122" hits="0"></line>
								<line number="123" hits="0"></line>
								<line number="124" hits="0"></line>
								<line number="125" hits="0"></line>
								<line number="126" hits="0"></line>
								<line number="127" hits="0"></line>
								<line number="128" hits="0"></line>
								<line number="129" hits="0"></line>
								<line number="130" hits="0"></line>
								<line number="131" hits="0"></line>
								<line number="132" hits="0"></line>
								<line number="133" hits="0"></line>
								<line number="134" hits="0"></line>
								<line number="135" hits="0"></line>
								<line number="136" hits="0"></line>
								<line number="137" hits="0"></line>
								<line number="138" hits="0"></line>
								<line number="139" hits="0"></line>
								<line number="140" hits="0"></line>
								<line number="141" hits="0"></line>
								<line number="142" hits="0"></line>
								<line number="143" hits="0"></line>
								<line number="144" hits="0"></line>
								<line number="145" hits="0"></line>
								<line number="146" hits="0"></line>
							</lines>
						</method>
						<method name="DeepCopy" signature="" line-rate="0" branch-rate="0" complexity="0">
							<lines>
								<line number="150" hits="0"></line>
								<line number="151" hits="0"></line>
								<line number="152" hits="0"></line>
								<line number="153" hits="0"></line>
								<line number="154" hits="0"></line>
								<line number="155" hits="0"></line>
								<line number="156" hits="0"></line>
							</lines>
						</method>
					</methods>
					<lines>
						<line number="115" hits="0"></line>
						<line number="116" hits="0"></line>
						<line number="117" hits="0"></line>
						<line number="118" hits="0"></line>
						<line number="119" hits="0"></line>
						<line number="120" hits="0"></line>
						<line number="121" hits="0"></line>
						<line number="122" hits="0"></line>
						<line number="123" hits="0"></line>
						<line number="124" hits="0"></line>
						<line number="125" hits="0"></line>
						<line number="126" hits="0"></line>
						<line number="127" hits="0"></line>
						<line number="128" hits="0"></line>
						<line number="129" hits="0"></line>
						<line number="130" hits="0"></line>
						<line number="131" hits="0"></line>
						<line number="132" hits="0"></line>
						<line number="133" hits="0"></line>
						<line number="134" hits="0"></line>
						<line number="135" hits="0"></line>
						<line number="136" hits="0"></line>
						<line number="137" hits="0"></line>
						<line number="138" hits="0"></line>
						<line number="139" hits="0"></line>
						<line number="140" hits="0"></line>
						<line number="141" hits="0"></line>
						<line number="142" hits="0"></line>
						<line number="143" hits="0"></line>
						<line number="144" hits="0"></line>
						<line number="145" hits="0"></line>
						<line number="146" hits="0"></line>
						<line number="150" hits="0"></line>
						<line number="151" hits="0"></line>
						<line number="152" hits="0"></line>
						<line number="153" hits="0"></line>
						<line number="154" hits="0"></line>
						<line number="155" hits="0"></line>
						<line number="156" hits="0"></line>
					</lines>
				</class>
				<class name="DiskParameters" filename="github.com/nourspeed/provider-libvirt/apis/cloudinit/v1alpha1/zz_generated.deepcopy.go" line-rate="0" branch-rate="0" complexity="0">
					<methods>
						<method name="DeepCopyInto" signature="" line-rate="0" branch-rate="0" complexity="0">
							<lines>
								<line number="160" hits="0"></line>
								<line number="161" hits="0"></line>
								<line number="162" hits="0"></line>
								<line number="163" hits="0"></line>
								<line number="164" hits="0"></line>
								<line number="165" hits="0"></line>
								<line number="166" hits="0"></line>
								<line number="167" hits="0"></line>
								<line number="168" hits="0"></line>
								<line number="169" hits="0"></line>
								<line number="170" hits="0"></line>
								<line number="171" hits="0"></line>
								<line number="172" hits="0"></line>
								<line number="173" hits="0"></line>
								<line number="174" hits="0"></line>
								<line number="175" hits="0"></line>
								<line number="176" hits="0"></line>
								<line number="177" hits="0"></line>
								<line number="178" hits="0"></line>
								<line number="179" hits="0"></line>
								<line number="180" hits="0"></line>
								<line number="181" hits="0"></line>
								<line number="182" hits="0"></line>
								<line number="183" hits="0"></line>
								<line number="184" hits="0"></line>
								<line number="185" hits="0"></line>
								<line number="186" hits="0"></line>
							</lines>
						</method>
						<method name="DeepCopy" signature="" line-rate="0" branch-rate="0" complexity="0">
							<lines>
								<line number="190" hits="0"></line>
								<line number="191" hits="0"></line>
								<line number="192" hits="0"></line>
								<line number="193" hits="0"></line>
								<line number="194" hits="0"></line>
								<line number="195" hits="0"></line>
								<line number="196" hits="0"></line>
							</lines>
						</method>
					</methods>
					<lines>
						<line number="160" hits="0"></line>
						<line number="161" hits="0"></line>
						<line number="162" hits="0"></line>
						<line number="163" hits="0"></line>
						<line number="164" hits="0"></line>
						<line number="165" hits="0"></line>
						<line number="166" hits="0"></line>
						<line number="167" hits="0"></line>
						<line number="168" hits="0"></line>
						<line number="169" hits="0"></line>
						<line number="170" hits="0"></line>
						<line number="171" hits="0"></line>
						<line number="172" hits="0"></line>
						<line number="173" hits="0"></line>
						<line number="174" hits="0"></line>
						<line number="175" hits="0"></line>
						<line number="176" hits="0"></line>
						<line number="177" hits="0"></line>
						<line number="178" hits="0"></line>
						<line number="179" hits="0"></line>
						<line number="180" hits="0"></line>
						<line number="181" hits="0"></line>
						<line number="182" hits="0"></line>
						<line number="183" hits="0"></line>
						<line number="184" hits="0"></line>
						<line number="185" hits="0"></line>
						<line number="186" hits="0"></line>
						<line number="190" hits="0"></line>
						<line number="191" hits="0"></line>
						<line number="192" hits="0"></line>
						<line number="193" hits="0"></line>
						<line number="194" hits="0"></line>
						<line number="195" hits="0"></line>
						<line number="196" hits="0"></line>
					</lines>
				</class>
				<class name="DiskSpec" filename="github.com/nourspeed/provider-libvirt/apis/cloudinit/v1alpha1/zz_generated.deepcopy.go" line-rate="0" branch-rate="0" complexity="0">
					<methods>
						<method name="DeepCopyInto" signature="" line-rate="0" branch-rate="0" complexity="0">
							<lines>
								<line number="200" hits="0"></line>
								<line number="201" hits="0"></line>
								<line number="202" hits="0"></line>
								<line number="203" hits="0"></line>
								<line number="204" hits="0"></line>
								<line number="205" hits="0"></line>
							</lines>
						</method>
						<method name="DeepCopy" signature="" line-rate="0" branch-rate="0" complexity="0">
							<lines>
								<line number="208" hits="0"></line>
								<line number="209" hits="0"></line>
								<line number="210" hits="0"></line>
								<line number="211" hits="0"></line>
								<line number="212" hits="0"></line>
								<line number="213" hits="0"></line>
								<line number="214" hits="0"></line>
							</lines>
						</method>
					</methods>
					<lines>
						<line number="200" hits="0"></line>
						<line number="201" hits="0"></line>
						<line number="202" hits="0"></line>
						<line number="203" hits="0"></line>
						<line number="204" hits="0"></line>
						<line number="205" hits="0"></line>
						<line number="208" hits="0"></line>
						<line number="209" hits="0"></line>
						<line number="210" hits="0"></line>
						<line number="211" hits="0"></line>
						<line number="212" hits="0"></line>
						<line number="213" hits="0"></line>
						<line number="214" hits="0"></line>
					</lines>
				</class>
				<class name="DiskStatus" filename="github.com/nourspeed/provider-libvirt/apis/cloudinit/v1alpha1/zz_generated.deepcopy.go" line-rate="0" branch-rate="0" complexity="0">
					<methods>
						<method name="DeepCopyInto" signature="" line-rate="0" branch-rate="0" complexity="0">
							<lines>
								<line number="218" hits="0"></line>
								<line number="219" hits="0"></line>
								<line number="220" hits="0"></line>
								<line number="221" hits="0"></line>
								<line number="222" hits="0"></line>
							</lines>
						</method>
						<method name="DeepCopy" signature="" line-rate="0" branch-rate="0" complexity="0">
							<lines>
								<line number="225" hits="0"></line>
								<line number="226" hits="0"></line>
								<line number="227" hits="0"></line>
								<line number="228" hits="0"></line>
								<line number="229" hits="0"></line>
								<line number="230" hits="0"></line>
								<line number="231" hits="0"></line>
							</lines>
						</method>
					</methods>
					<lines>
						<line number="218" hits="0"></line>
						<line number="219" hits="0"></line>
						<line number="220" hits="0"></line>
						<line number="221" hits="0"></line>
						<line number="222" hits="0"></line>
						<line number="225" hits="0"></line>
						<line number="226" hits="0"></line>
						<line number="227" hits="0"></line>
						<line number="228" hits="0"></line>
						<line number="229" hits="0"></line>
						<line number="230" hits="0"></line>
						<line number="231" hits="0"></line>
					</lines>
				</class>
				<class name="Disk" filename="github.com/nourspeed/provider-libvirt/apis/cloudinit/v1alpha1/zz_generated.managed.go" line-rate="0" branch-rate="0" complexity="0">
					<methods>
						<method name="GetCondition" signature="" line-rate="0" branch-rate="0" complexity="0">
							<lines>
								<line number="11" hits="0"></line>
								<line number="12" hits="0"></line>
								<line number="13" hits="0"></line>
							</lines>
						</method>
						<method name="GetDeletionPolicy" signature="" line-rate="0" branch-rate="0" complexity="0">
							<lines>
								<line number="16" hits="0"></line>
								<line number="17" hits="0"></line>
								<line number="18" hits="0"></line>
							</lines>
						</method>
						<method name="GetManagementPolicies" signature="" line-rate="0" branch-rate="0" complexity="0">
							<lines>
								<line number="21" hits="0"></line>
								<line number="22" hits="0"></line>
								<line number="23" hits="0"></line>
							</lines>
						</method>
						<method name="GetProviderConfigReference" signature="" line-rate="0" branch-rate="0" complexity="0">
							<lines>
								<line number="26" hits="0"></line>
								<line number="27" hits="0"></line>
								<line number="28" hits="0"></line>
							</lines>
						</method>
						<method name="GetPublishConnectionDetailsTo" signature="" line-rate="0" branch-rate="0" complexity="0">
							<lines>
								<line number="31" hits="0"></line>
								<line number="32" hits="0"></line>
								<line number="33" hits="0"></line>
							</lines>
						</method>
						<method name="GetWriteConnectionSecretToReference" signature="" line-rate="0" branch-rate="0" complexity="0">
							<lines>
								<line number="36" hits="0"></line>
								<line number="37" hits="0"></line>
								<line number="38" hits="0"></line>
							</lines>
						</method>
						<method name="SetConditions" signature="" line-rate="0" branch-rate="0" complexity="0">
							<lines>
								<line number="41" hits="0"></line>
								<line number="42" hits="0"></line>
								<line number="43" hits="0"></line>
							</lines>
						</method>
						<method name="SetDeletionPolicy" signature="" line-rate="0" branch-rate="0" complexity="0">
							<lines>
								<line number="46" hits="0"></line>
								<line number="47" hits="0"></line>
								<line number="48" hits="0"></line>
							</lines>
						</method>
						<method name="SetManagementPolicies" signature="" line-rate="0" branch-rate="0" complexity="0">
							<lines>
								<line number="51" hits="0"></line>
								<line number="52" hits="0"></line>
								<line number="53" hits="0"></line>
							</lines>
						</method>
						<method name="SetProviderConfigReference" signature="" line-rate="0" branch-rate="0" complexity="0">
							<lines>
								<line number="56" hits="0"></line>
								<line number="57" hits="0"></line>
								<line number="58" hits="0"></line>
							</lines>
						</method>
						<method name="SetPublishConnectionDetailsTo" signature="" line-rate="0" branch-rate="0" complexity="0">
							<lines>
								<line number="61" hits="0"></line>
								<line number="62" hits="0"></line>
								<line number="63" hits="0"></line>
							</lines>
						</method>
						<method name="SetWriteConnectionSecretToReference" signature="" line-rate="0" branch-rate="0" complexity="0">
							<lines>
								<line number="66" hits="0"></line>
								<line number="67" hits="0"></line>
								<line number="68" hits="0"></line>
							</lines>
						</method>
					</methods>
					<lines>
						<line number="11" hits="0"></line>
						<line number="12" hits="0"></line>
						<line number="13" hits="0"></line>
						<line number="16" hits="0"></line>
						<line number="17" hits="0"></line>
						<line number="18" hits="0"></line>
						<line number="21" hits="0"></line>
						<line number="22" hits="0"></line>
						<line number="23" hits="0"></line>
						<line number="26" hits="0"></line>
						<line number="27" hits="0"></line>
						<line number="28" hits="0"></line>
						<line number="31" hits="0"></line>
						<line number="32" hits="0"></line>
						<line number="33" hits="0"></line>
						<line number="36" hits="0"></line>
						<line number="37" hits="0"></line>
						<line number="38" hits="0"></line>
						<line number="41" hits="0"></line>
						<line number="42" hits="0"></line>
						<line number="43" hits="0"></line>
						<line number="46" hits="0"></line>
						<line number="47" hits="0"></line>
						<line number="48" hits="0"></line>
						<line number="51" hits="0"></line>
						<line number="52" hits="0"></line>
						<line number="53" hits="0"></line>
						<line number="56" hits="0"></line>
						<line number="57" hits="0"></line>
						<line number="58" hits="0"></line>
						<line number="61" hits="0"></line>
						<line number="62" hits="0"></line>
						<line number="63" hits="0"></line>
						<line number="66" hits="0"></line>
						<line number="67" hits="0"></line>
						<line number="68" hits="0"></line>
					</lines>
				</class>
				<class name="DiskList" filename="github.com/nourspeed/provider-libvirt/apis/cloudinit/v1alpha1/zz_generated.managedlist.go" line-rate="0" branch-rate="0" complexity="0">
					<methods>
						<method name="GetItems" signature="" line-rate="0" branch-rate="0" complexity="0">
							<lines>
								<line number="11" hits="0"></line>
								<line number="12" hits="0"></line>
								<line number="13" hits="0"></line>
								<line number="14" hits="0"></line>
								<line number="15" hits="0"></line>
								<line number="16" hits="0"></line>
							</lines>
						</method>
					</methods>
					<lines>
						<line number="11" hits="0"></line>
						<line number="12" hits="0"></line>
						<line number="13" hits="0"></line>
						<line number="14" hits="0"></line>
						<line number="15" hits="0"></line>
						<line number="16" hits="0"></line>
					</lines>
				</class>
				<class name="Disk" filename="github.com/nourspeed/provider-libvirt/apis/cloudinit/v1alpha1/zz_generated_terraformed.go" line-rate="0" branch-rate="0" complexity="0">
					<methods>
						<method name="GetTerraformResourceType" signature="" line-rate="0" branch-rate="0" complexity="0">
							<lines>
								<line number="21" hits="0"></line>
								<line number="22" hits="0"></line>
								<line number="23" hits="0"></line>
							</lines>
						</method>
						<method name="GetConnectionDetailsMapping" signature="" line-rate="0" branch-rate="0" complexity="0">
							<lines>
								<line number="26" hits="0"></line>
								<line number="27" hits="0"></line>
								<line number="28" hits="0"></line>
							</lines>
						</method>
						<method name="GetObservation" signature="" line-rate="0" branch-rate="0" complexity="0">
							<lines>
								<line number="31" hits="0"></line>
								<line number="32" hits="0"></line>
								<line number="33" hits="0"></line>
								<line number="34" hits="0"></line>
								<line number="35" hits="0"></line>
								<line number="36" hits="0"></line>
								<line number="37" hits="0"></line>
							</lines>
						</method>
						<method name="SetObservation" signature="" line-rate="0" branch-rate="0" complexity="0">
							<lines>
								<line number="41" hits="0"></line>
								<line number="42" hits="0"></line>
								<line number="43" hits="0"></line>
								<line number="44" hits="0"></line>
								<line number="45" hits="0"></line>
								<line number="46" hits="0"></line>
							</lines>
						</method>
						<method name="GetID" signature="" line-rate="0" branch-rate="0" complexity="0">
							<lines>
								<line number="50" hits="0"></line>
								<line number="51" hits="0"></line>
								<line number="52" hits="0"></line>
								<line number="53" hits="0"></line>
								<line number="54" hits="0"></line>
							</lines>
						</method>
						<method name="GetParameters" signature="" line-rate="0" branch-rate="0" complexity="0">
							<lines>
								<line number="58" hits="0"></line>
								<line number="59" hits="0"></line>
								<line number="60" hits="0"></line>
								<line number="61" hits="0"></line>
								<line number="62" hits="0"></line>
								<line number="63" hits="0"></line>
								<line number="64" hits="0"></line>
							</lines>
						</method>
						<method name="SetParameters" signature="" line-rate="0" branch-rate="0" complexity="0">
							<lines>
								<line number="68" hits="0"></line>
								<line number="69" hits="0"></line>
								<line number="70" hits="0"></line>
								<line number="71" hits="0"></line>
								<line number="72" hits="0"></line>
								<line number="73" hits="0"></line>
							</lines>
						</method>
						<method name="GetInitParameters" signature="" line-rate="0" branch-rate="0" complexity="0">
							<lines>
								<line number="77" hits="0"></line>
								<line number="78" hits="0"></line>
								<line number="79" hits="0"></line>
								<line number="80" hits="0"></line>
								<line number="81" hits="0"></line>
								<line number="82" hits="0"></line>
								<line number="83" hits="0"></line>
							</lines>
						</method>
						<method name="LateInitialize" signature="" line-rate="0" branch-rate="0" complexity="0">
							<lines>
								<line number="88" hits="0"></line>
								<line number="89" hits="0"></line>
								<line number="90" hits="0"></line>
								<line number="91" hits="0"></line>
								<line number="92" hits="0"></line>
								<line number="93" hits="0"></line>
								<line number="94" hits="0"></line>
								<line number="95" hits="0"></line>
								<line number="96" hits="0"></line>
							</lines>
						</method>
						<method name="GetTerraformSchemaVersion" signature="" line-rate="0" branch-rate="0" complexity="0">
							<lines>
								<line number="100" hits="0"></line>
								<line number="101" hits="0"></line>
								<line number="102" hits="0"></line>
							</lines>
						</method>
					</methods>
					<lines>
						<line number="21" hits="0"></line>
						<line number="22" hits="0"></line>
						<line number="23" hits="0"></line>
						<line number="26" hits="0"></line>
						<line number="27" hits="0"></line>
						<line number="28" hits="0"></line>
						<line number="31" hits="0"></line>
						<line number="32" hits="0"></line>
						<line number="33" hits="0"></line>
						<line number="34" hits="0"></line>
						<line number="35" hits="0"></line>
						<line number="36" hits="0"></line>
						<line number="37" hits="0"></line>
						<line number="41" hits="0"></line>
						<line number="42" hits="0"></line>
						<line number="43" hits="0"></line>
						<line number="44" hits="0"></line>
						<line number="45" hits="0"></line>
						<line number="46" hits="0"></line>
						<line number="50" hits="0"></line>
						<line number="51" hits="0"></line>
						<line number="52" hits="0"></line>
						<line number="53" hits="0"></line>
						<line number="54" hits="0"></line>
						<line number="58" hits="0"></line>
						<line number="59" hits="0"></line>
						<line number="60" hits="0"></line>
						<line number="61" hits="0"></line>
						<line number="62" hits="0"></line>
						<line number="63" hits="0"></line>
						<line number="64" hits="0"></line>
						<line number="68" hits="0"></line>
						<line number="69" hits="0"></line>
						<line number="70" hits="0"></line>
						<line number="71" hits="0"></line>
						<line number="72" hits="0"></line>
						<line number="73" hits="0"></line>
						<line number="77" hits="0"></line>
						<line number="78" hits="0"></line>
						<line number="79" hits="0"></line>
						<line number="80" hits="0"></line>
						<line number="81" hits="0"></line>
						<line number="82" hits="0"></line>
						<line number="83" hits="0"></line>
						<line number="88" hits="0"></line>
						<line number="89" hits="0"></line>
						<line number="90" hits="0"></line>
						<line number="91" hits="0"></line>
						<line number="92" hits="0"></line>
						<line number="93" hits="0"></line>
						<line number="94" hits="0"></line>
						<line number="95" hits="0"></line>
						<line number="96" hits="0"></line>
						<line number="100" hits="0"></line>
						<line number="101" hits="0"></line>
						<line number="102" hits="0"></line>
					</lines>
				</class>
			</classes>
		</package>
		<package name="github.com/nourspeed/provider-libvirt/apis/domain/v1alpha1" line-rate="0" branch-rate="0" complexity="0">
			<classes>
				<class name="-" filename="github.com/nourspeed/provider-libvirt/apis/domain/v1alpha1/zz_domain_types.go" line-rate="0" branch-rate="0" complexity="0">
					<methods>
						<method name="init" signature="" line-rate="0" branch-rate="0" complexity="0">
							<lines>
								<line number="681" hits="0"></line>
								<line number="682" hits="0"></line>
								<line number="683" hits="0"></line>
							</lines>
						</method>
					</methods>
					<lines>
						<line number="681" hits="0"></line>
						<line number="682" hits="0"></line>
						<line number="683" hits="0"></line>
					</lines>
				</class>
				<class name="BootDeviceInitParameters" filename="github.com/nourspeed/provider-libvirt/apis/domain/v1alpha1/zz_generated.deepcopy.go" line-rate="0" branch-rate="0" complexity="0">
					<methods>
						<method name="DeepCopyInto" signature="" line-rate="0" branch-rate="0" complexity="0">
							<lines>
								<line number="17" hits="0"></line>
								<line number="18" hits="0"></line>
								<line number="19" hits="0"></line>
								<line number="20" hits="0"></line>
								<line number="21" hits="0"></line>
								<line number="22" hits="0"></line>
								<line number="23" hits="0"></line>
								<line number="24" hits="0"></line>
								<line number="25" hits="0"></line>
								<line number="26" hits="0"></line>
								<line number="27" hits="0"></line>
							</lines>
						</method>
						<method name="DeepCopy" signature="" line-rate="0" branch-rate="0" complexity="0">
							<lines>
								<line number="33" hits="0"></line>
								<line number="34" hits="0"></line>
								<line number="35" hits="0"></line>
								<line number="36" hits="0"></line>
								<line number="37" hits="0"></line>
								<line number="38" hits="0"></line>
								<line number="39" hits="0"></line>
							</lines>
						</method>
					</methods>
					<lines>
						<line number="17" hits="0"></line>
						<line number="18" hits="0"></line>
						<line number="19" hits="0"></line>
						<line number="20" hits="0"></line>
						<line number="21" hits="0"></line>
						<line number="22" hits="0"></line>
						<line number="23" hits="0"></line>
						<line number="24" hits="0"></line>
						<line number="25" hits="0"></line>
						<line number="26" hits="0"></line>
						<line number="27" hits="0"></line>
						<line number="33" hits="0"></line>
						<line number="34" hits="0"></line>
						<line number="35" hits="0"></line>
						<line number="36" hits="0"></line>
						<line number="37" hits="0"></line>
						<line number="38" hits="0"></line>
						<line number="39" hits="0"></line>
					</lines>
				</class>
				<class name="BootDeviceObservation" filename="github.com/nourspeed/provider-libvirt/apis/domain/v1alpha1/zz_generated.deepcopy.go" line-rate="0" branch-rate="0" complexity="0">
					<methods>
						<method name="DeepCopyInto" signature="" line-rate="0" branch-rate="0" complexity="0">
							<lines>
								<line number="43" hits="0"></line>
								<line number="44" hits="0"></line>
								<line number="45" hits="0"></line>
								<line number="46" hits="0"></line>
								<line number="47" hits="0"></line>
								<line number="48" hits="0"></line>
								<line number="49" hits="0"></line>
								<line number="50" hits="0"></line>
								<line number="51" hits="0"></line>
								<line number="52" hits="0"></line>
								<line number="53" hits="0"></line>
							</lines>
						</method>
						<method name="DeepCopy" signature="" line-rate="0" branch-rate="0" complexity="0">
							<lines>
								<line number="59" hits="0"></line>
								<line number="60" hits="0"></line>
								<line number="61" hits="0"></line>
								<line number="62" hits="0"></line>
								<line number="63" hits="0"></line>
								<line number="64" hits="0"></line>
								<line number="65" hits="0"></line>
							</lines>
						</method>
					</methods>
					<lines>
						<line number="43" hits="0"></line>
						<line number="44" hits="0"></line>
						<line number="45" hits="0"></line>
						<line number="46" hits="0"></line>
						<line number="47" hits="0"></line>
						<line number="48" hits="0"></line>
						<line number="49" hits="0"></line>
						<line number="50" hits="0"></line>
						<line number="51" hits="0"></line>
						<line number="52" hits="0"></line>
						<line number="53" hits="0"></line>
						<line number="59" hits="0"></line>
						<line number="60" hits="0"></line>
						<line number="61" hits="0"></line>
						<line number="62" hits="0"></line>
						<line number="63" hits="0"></line>
						<line number="64" hits="0"></line>
						<line number="65" hits="0"></line>
					</lines>
				</class>
				<class name="BootDeviceParameters" filename="github.com/nourspeed/provider-libvirt/apis/domain/v1alpha1/zz_generated.deepcopy.go" line-rate="0" branch-rate="0" complexity="0">
					<methods>
						<method name="DeepCopyInto" signature="" line-rate="0" branch-rate="0" complexity="0">
							<lines>
								<line number="69" hits="0"></line>
								<line number="70" hits="0"></line>
								<line number="71" hits="0"></line>
								<line number="72" hits="0"></line>
								<line number="73" hits="0"></line>
								<line number="74" hits="0"></line>
								<line number="75" hits="0"></line>
								<line number="76" hits="0"></line>
								<line number="77" hits="0"></line>
								<line number="78" hits="0"></line>
								<line number="79" hits="0"></line>
							</lines>
						</method>
						<method name="DeepCopy" signature="" line-rate="0" branch-rate="0" complexity="0">
							<lines>
								<line number="85" hits="0"></line>
								<line number="86" hits="0"></line>
								<line number="87" hits="0"></line>
								<line number="88" hits="0"></line>
								<line number="89" hits="0"></line>
								<line number="90" hits="0"></line>
								<line number="91" hits="0"></line>
							</lines>
						</method>
					</methods>
					<lines>
						<line number="69" hits="0"></line>
						<line number="70" hits="0"></line>
						<line number="71" hits="0"></line>
						<line number="72" hits="0"></line>
						<line number="73" hits="0"></line>
						<line number="74" hits="0"></line>
						<line number="75" hits="0"></line>
						<line number="76" hits="0"></line>
						<line number="77" hits="0"></line>
						<line number="78" hits="0"></line>
						<line number="79" hits="0"></line>
						<line number="85" hits="0"></line>
						<line number="86" hits="0"></line>
						<line number="87" hits="0"></line>
						<line number="88" hits="0"></line>
						<line number="89" hits="0"></line>
						<line number="90" hits="0"></line>
						<line number="91" hits="0"></line>
					</lines>
				</class>
				<class name="CPUInitParameters" filename="github.com/nourspeed/provider-libvirt/apis/domain/v1alpha1/zz_generated.deepcopy.go" line-rate="0" branch-rate="0" complexity="0">
					<methods>
						<method name="DeepCopyInto" signature="" line-rate="0" branch-rate="0" complexity="0">
							<lines>
								<line number="95" hits="0"></line>
								<line number="96" hits="0"></line>
								<line number="97" hits="0"></line>
								<line number="98" hits="0"></line>
								<line number="99" hits="0"></line>
								<line number="100" hits="0"></line>
								<line number="101" hits="0"></line>
							</lines>
						</method>
						<method name="DeepCopy" signature="" line-rate="0" branch-rate="0" complexity="0">
							<lines>
								<line number="105" hits="0"></line>
								<line number="106" hits="0"></line>
								<line number="107" hits="0"></line>
								<line number="108" hits="0"></line>
								<line number="109" hits="0"></line>
								<line number="110" hits="0"></line>
								<line number="111" hits="0"></line>
							</lines>
						</method>
					</methods>
					<lines>
						<line number="95" hits="0"></line>
						<line number="96" hits="0"></line>
						<line number="97" hits="0"></line>
						<line number="98" hits="0"></line>
						<line number="99" hits="0"></line>
						<line number="100" hits="0"></line>
						<line number="101" hits="0"></line>
						<line number="105" hits="0"></line>
						<line number="106" hits="0"></line>
						<line number="107" hits="0"></line>
						<line number="108" hits="0"></line>
						<line number="109" hits="0"></line>
						<line number="110" hits="0"></line>
						<line number="111" hits="0"></line>
					</lines>
				</class>
				<class name="CPUObservation" filename="github.com/nourspeed/provider-libvirt/apis/domain/v1alpha1/zz_generated.deepcopy.go" line-rate="0" branch-rate="0" complexity="0">
					<methods>
						<method name="DeepCopyInto" signature="" line-rate="0" branch-rate="0" complexity="0">
							<lines>
								<line number="115" hits="0"></line>
								<line number="116" hits="0"></line>
								<line number="117" hits="0"></line>
								<line number="118" hits="0"></line>
								<line number="119" hits="0"></line>
								<line number="120" hits="0"></line>
								<line number="121" hits="0"></line>
							</lines>
						</method>
						<method name="DeepCopy" signature="" line-rate="0" branch-rate="0" complexity="0">
							<lines>
								<line number="125" hits="0"></line>
								<line number="126" hits="0"></line>
								<line number="127" hits="0"></line>
								<line number="128" hits="0"></line>
								<line number="129" hits="0"></line>
								<line number="130" hits="0"></line>
								<line number="131" hits="0"></line>
							</lines>
						</method>
					</methods>
					<lines>
						<line number="115" hits="0"></line>
						<line number="116" hits="0"></line>
						<line number="117" hits="0"></line>
						<line number="118" hits="0"></line>
						<line number="119" hits="0"></line>
						<line number="120" hits="0"></line>
						<line number="121" hits="0"></line>
						<line number="125" hits="0"></line>
						<line number="126" hits="0"></line>
						<line number="127" hits="0"></line>
						<line number="128" hits="0"></line>
						<line number="129" hits="0"></line>
						<line number="130" hits="0"></line>
						<line number="131" hits="0"></line>
					</lines>
				</class>
				<class name="CPUParameters" filename="github.com/nourspeed/provider-libvirt/apis/domain/v1alpha1/zz_generated.deepcopy.go" line-rate="0" branch-rate="0" complexity="0">
					<methods>
						<method name="DeepCopyInto" signature="" line-rate="0" branch-rate="0" complexity="0">
							<lines>
								<line number="135" hits="0"></line>
								<line number="136" hits="0"></line>
								<line number="137" hits="0"></line>
								<line number="138" hits="0"></line>
								<line number="139" hits="0"></line>
								<line number="140" hits="0"></line>
								<line number="141" hits="0"></line>
							</lines>
						</method>
						<method name="DeepCopy" signature="" line-rate="0" branch-rate="0" complexity="0">
							<lines>
								<line number="145" hits="0"></line>
								<line number="146" hits="0"></line>
								<line number="147" hits="0"></line>
								<line number="148" hits="0"></line>
								<line number="149" hits="0"></line>
								<line number="150" hits="0"></line>
								<line number="151" hits="0"></line>
							</lines>
						</method>
					</methods>
					<lines>
						<line number="135" hits="0"></line>
						<line number="136" hits="0"></line>
						<line number="137" hits="0"></line>
						<line number="138" hits="0"></line>
						<line number="139" hits="0"></line>
						<line number="140" hits="0"></line>
						<line number="141" hits="0"></line>
						<line number="145" hits="0"></line>
						<line number="146" hits="0"></line>
						<line number="147" hits="0"></line>
						<line number="148" hits="0"></line>
						<line number="149" hits="0"></line>
						<line number="150" hits="0"></line>
						<line number="151" hits="0"></line>
					</lines>
				</class>
				<class name="ConsoleInitParameters" filename="github.com/nourspeed/provider-libvirt/apis/domain/v1alpha1/zz_generated.deepcopy.go" line-rate="0" branch-rate="0" complexity="0">
					<methods>
						<method name="DeepCopyInto" signature="" line-rate="0" branch-rate="0" complexity="0">
							<lines>
								<line number="155" hits="0"></line>
								<line number="156" hits="0"></line>
								<line number="157" hits="0"></line>
								<line number="158" hits="0"></line>
								<line number="159" hits="0"></line>
								<line number="160" hits="0"></line>
								<line number="161" hits="0"></line>
								<line number="162" hits="0"></line>
								<line number="163" hits="0"></line>
								<line number="164" hits="0"></line>
								<line number="165" hits="0"></line>
								<line number="166" hits="0"></line>
								<line number="167" hits="0"></line>
								<line number="168" hits="0"></line>
								<line number="169" hits="0"></line>
								<line number="170" hits="0"></line>
								<line number="171" hits="0"></line>
								<line number="172" hits="0"></line>
								<line number="173" hits="0"></line>
								<line number="174" hits="0"></line>
								<line number="175" hits="0"></line>
								<line number="176" hits="0"></line>
								<line number="177" hits="0"></line>
								<line number="178" hits="0"></line>
								<line number="179" hits="0"></line>
								<line number="180" hits="0"></line>
								<line number="181" hits="0"></line>
								<line number="182" hits="0"></line>
								<line number="183" hits="0"></line>
								<line number="184" hits="0"></line>
								<line number="185" hits="0"></line>
								<line number="186" hits="0"></line>
							</lines>
						</method>
						<method name="DeepCopy" signature="" line-rate="0" branch-rate="0" complexity="0">
							<lines>
								<line number="190" hits="0"></line>
								<line number="191" hits="0"></line>
								<line number="192" hits="0"></line>
								<line number="193" hits="0"></line>
								<line number="194" hits="0"></line>
								<line number="195" hits="0"></line>
								<line number="196" hits="0"></line>
							</lines>
						</method>
					</methods>
					<lines>
						<line number="155" hits="0"></line>
						<line number="156" hits="0"></line>
						<line number="157" hits="0"></line>
						<line number="158" hits="0"></line>
						<line number="159" hits="0"></line>
						<line number="160" hits="0"></line>
						<line number="161" hits="0"></line>
						<line number="162" hits="0"></line>
						<line number="163" hits="0"></line>
						<line number="164" hits="0"></line>
						<line number="165" hits="0"></line>
						<line number="166" hits="0"></line>
						<line number="167" hits="0"></line>
						<line number="168" hits="0"></line>
						<line number="169" hits="0"></line>
						<line number="170" hits="0"></line>
						<line number="171" hits="0"></line>
						<line number="172" hits="0"></line>
						<line number="173" hits="0"></line>
						<line number="174" hits="0"></line>
						<line number="175" hits="0"></line>
						<line number="176" hits="0"></line>
						<line number="177" hits="0"></line>
						<line number="178" hits="0"></line>
						<line number="179" hits="0"></line>
						<line number="180" hits="0"></line>
						<line number="181" hits="0"></line>
						<line number="182" hits="0"></line>
						<line number="183" hits="0"></line>
						<line number="184" hits="0"></line>
						<line number="185" hits="0"></line>
						<line number="186" hits="0"></line>
						<line number="190" hits="0"></line>
						<line number="191" hits="0"></line>
						<line number="192" hits="0"></line>
						<line number="193" hits="0"></line>
						<line number="194" hits="0"></line>
						<line number="195" hits="0"></line>
						<line number="196" hits="0"></line>
					</lines>
				</class>
				<class name="ConsoleObservation" filename="github.com/nourspeed/provider-libvirt/apis/domain/v1alpha1/zz_generated.deepcopy.go" line-rate="0" branch-rate="0" complexity="0">
					<methods>
						<method name="DeepCopyInto" signature="" line-rate="0" branch-rate="0" complexity="0">
							<lines>
								<line number="200" hits="0"></line>
								<line number="201" hits="0"></line>
								<line number="202" hits="0"></line>
								<line number="203" hits="0"></line>
								<line number="204" hits="0"></line>
								<line number="205" hits="0"></line>
								<line number="206" hits="0"></line>
								<line number="207" hits="0"></line>
								<line number="208" hits="0"></line>
								<line number="209" hits="0"></line>
								<line number="210" hits="0"></line>
								<line number="211" hits="0"></line>
								<line number="212" hits="0"></line>
								<line number="213" hits="0"></line>
								<line number="214" hits="0"></line>
								<line number="215" hits="0"></line>
								<line number="216" hits="0"></line>
								<line number="217" hits="0"></line>
								<line number="218" hits="0"></line>
								<line number="219" hits="0"></line>
								<line number="220" hits="0"></line>
								<line number="221" hits="0"></line>
								<line number="222" hits="0"></line>
								<line number="223" hits="0"></line>
								<line number="224" hits="0"></line>
								<line number="225" hits="0"></line>
								<line number="226" hits="0"></line>
								<line number="227" hits="0"></line>
								<line number="228" hits="0"></line>
								<line number="229" hits="0"></line>
								<line number="230" hits="0"></line>
								<line number="231" hits="0"></line>
							</lines>
						</method>
						<method name="DeepCopy" signature="" line-rate="0" branch-rate="0" complexity="0">
							<lines>
								<line number="235" hits="0"></line>
								<line number="236" hits="0"></line>
								<line number="237" hits="0"></line>
								<line number="238" hits="0"></line>
								<line number="239" hits="0"></line>
								<line number="240" hits="0"></line>
								<line number="241" hits="0"></line>
							</lines>
						</method>
					</methods>
					<lines>
						<line number="200" hits="0"></line>
						<line number="201" hits="0"></line>
						<line number="202" hits="0"></line>
						<line number="203" hits="0"></line>
						<line number="204" hits="0"></line>
						<line number="205" hits="0"></line>
						<line number="206" hits="0"></line>
						<line number="207" hits="0"></line>
						<line number="208" hits="0"></line>
						<line number="209" hits="0"></line>
						<line number="210" hits="0"></line>
						<line number="211" hits="0"></line>
						<line number="212" hits="0"></line>
						<line number="213" hits="0"></line>
						<line number="214" hits="0"></line>
						<line number="215" hits="0"></line>
						<line number="216" hits="0"></line>
						<line number="217" hits="0"></line>
						<line number="218" hits="0"></line>
						<line number="219" hits="0"></line>
						<line number="220" hits="0"></line>
						<line number="221" hits="0"></line>
						<line number="222" hits="0"></line>
						<line number="223" hits="0"></line>
						<line number="224" hits="0"></line>
						<line number="225" hits="0"></line>
						<line number="226" hits="0"></line>
						<line number="227" hits="0"></line>
						<line number="228" hits="0"></line>
						<line number="229" hits="0"></line>
						<line number="230" hits="0"></line>
						<line number="231" hits="0"></line>
						<line number="235" hits="0"></line>
						<line number="236" hits="0"></line>
						<line number="237" hits="0"></line>
						<line number="238" hits="0"></line>
						<line number="239" hits="0"></line>
						<line number="240" hits="0"></line>
						<line number="241" hits="0"></line>
					</lines>
				</class>
				<class name="ConsoleParameters" filename="github.com/nourspeed/provider-libvirt/apis/domain/v1alpha1/zz_generated.deepcopy.go" line-rate="0" branch-rate="0" complexity="0">
					<methods>
						<method name="DeepCopyInto" signature="" line-rate="0" branch-rate="0" complexity="0">
							<lines>
								<line number="245" hits="0"></line>
								<line number="246" hits="0"></line>
								<line number="247" hits="0"></line>
								<line number="248" hits="0"></line>
								<line number="249" hits="0"></line>
								<line number="250" hits="0"></line>
								<line number="251" hits="0"></line>
								<line number="252" hits="0"></line>
								<line number="253" hits="0"></line>
								<line number="254" hits="0"></line>
								<line number="255" hits="0"></line>
								<line number="256" hits="0"></line>
								<line number="257" hits="0"></line>
								<line number="258" hits="0"></line>
								<line number="259" hits="0"></line>
								<line number="260" hits="0"></line>
								<line number="261" hits="0"></line>
								<line number="262" hits="0"></line>
								<line number="263" hits="0"></line>
								<line number="264" hits="0"></line>
								<line number="265" hits="0"></line>
								<line number="266" hits="0"></line>
								<line number="267" hits="0"></line>
								<line number="268" hits="0"></line>
								<line number="269" hits="0"></line>
								<line number="270" hits="0"></line>
								<line number="271" hits="0"></line>
								<line number="272" hits="0"></line>
								<line number="273" hits="0"></line>
								<line number="274" hits="0"></line>
								<line number="275" hits="0"></line>
								<line number="276" hits="0"></line>
							</lines>
						</method>
						<method name="DeepCopy" signature="" line-rate="0" branch-rate="0" complexity="0">
							<lines>
								<line number="280" hits="0"></line>
								<line number="281" hits="0"></line>
								<line number="282" hits="0"></line>
								<line number="283" hits="0"></line>
								<line number="284" hits="0"></line>
								<line number="285" hits="0"></line>
								<line number="286" hits="0"></line>
							</lines>
						</method>
					</methods>
					<lines>
						<line number="245" hits="0"></line>
						<line number="246" hits="0"></line>
						<line number="247" hits="0"></line>
						<line number="248" hits="0"></line>
						<line number="249" hits="0"></line>
						<line number="250" hits="0"></line>
						<line number="251" hits="0"></line>
						<line number="252" hits="0"></line>
						<line number="253" hits="0"></line>
						<line number="254" hits="0"></line>
						<line number="255" hits="0"></line>
						<line number="256" hits="0"></line>
						<line number="257" hits="0"></line>
						<line number="258" hits="0"></line>
						<line number="259" hits="0"></line>
						<line number="260" hits="0"></line>
						<line number="261" hits="0"></line>
						<line number="262" hits="0"></line>
						<line number="263" hits="0"></line>
						<line number="264" hits="0"></line>
						<line number="265" hits="0"></line>
						<line number="266" hits="0"></line>
						<line number="267" hits="0"></line>
						<line number="268" hits="0"></line>
						<line number="269" hits="0"></line>
						<line number="270" hits="0"></line>
						<line number="271" hits="0"></line>
						<line number="272" hits="0"></line>
						<line number="273" hits="0"></line>
						<line number="274" hits="0"></line>
						<line number="275" hits="0"></line>
						<line number="276" hits="0"></line>
						<line number="280" hits="0"></line>
						<line number="281" hits="0"></line>
						<line number="282" hits="0"></line>
						<line number="283" hits="0"></line>
						<line number="284" hits="0"></line>
						<line number="285" hits="0"></line>
						<line number="286" hits="0"></line>
					</lines>
				</class>
				<class name="DiskInitParameters" filename="github.com/nourspeed/provider-libvirt/apis/domain/v1alpha1/zz_generated.deepcopy.go" line-rate="0" branch-rate="0" complexity="0">
					<methods>
						<method name="DeepCopyInto" signature="" line-rate="0" branch-rate="0" complexity="0">
							<lines>
								<line number="290" hits="0"></line>
								<line number="291" hits="0"></line>
								<line number="292" hits="0"></line>
								<line number="293" hits="0"></line>
								<line number="294" hits="0"></line>
								<line number="295" hits="0"></line>
								<line number="296" hits="0"></line>
								<line number="297" hits="0"></line>
								<line number="298" hits="0"></line>
								<line number="299" hits="0"></line>
								<line number="300" hits="0"></line>
								<line number="301" hits="0"></line>
								<line number="302" hits="0"></line>
								<line number="303" hits="0"></line>
								<line number="304" hits="0"></line>
								<line number="305" hits="0"></line>
								<line number="306" hits="0"></line>
								<line number="307" hits="0"></line>
								<line number="308" hits="0"></line>
								<line number="309" hits="0"></line>
								<line number="310" hits="0"></line>
								<line number="311" hits="0"></line>
								<line number="312" hits="0"></line>
								<line number="313" hits="0"></line>
								<line number="314" hits="0"></line>
								<line number="315" hits="0"></line>
								<line number="316" hits="0"></line>
								<line number="317" hits="0"></line>
								<line number="318" hits="0"></line>
								<line number="319" hits="0"></line>
								<line number="320" hits="0"></line>
								<line number="321" hits="0"></line>
							</lines>
						</method>
						<method name="DeepCopy" signature="" line-rate="0" branch-rate="0" complexity="0">
							<lines>
								<line number="325" hits="0"></line>
								<line number="326" hits="0"></line>
								<line number="327" hits="0"></line>
								<line number="328" hits="0"></line>
								<line number="329" hits="0"></line>
								<line number="330" hits="0"></line>
								<line number="331" hits="0"></line>
							</lines>
						</method>
					</methods>
					<lines>
						<line number="290" hits="0"></line>
						<line number="291" hits="0"></line>
						<line number="292" hits="0"></line>
						<line number="293" hits="0"></line>
						<line number="294" hits="0"></line>
						<line number="295" hits="0"></line>
						<line number="296" hits="0"></line>
						<line number="297" hits="0"></line>
						<line number="298" hits="0"></line>
						<line number="299" hits="0"></line>
						<line number="300" hits="0"></line>
						<line number="301" hits="0"></line>
						<line number="302" hits="0"></line>
						<line number="303" hits="0"></line>
						<line number="304" hits="0"></line>
						<line number="305" hits="0"></line>
						<line number="306" hits="0"></line>
						<line number="307" hits="0"></line>
						<line number="308" hits="0"></line>
						<line number="309" hits="0"></line>
						<line number="310" hits="0"></line>
						<line number="311" hits="0"></line>
						<line number="312" hits="0"></line>
						<line number="313" hits="0"></line>
						<line number="314" hits="0"></line>
						<line number="315" hits="0"></line>
						<line number="316" hits="0"></line>
						<line number="317" hits="0"></line>
						<line number="318" hits="0"></line>
						<line number="319" hits="0"></line>
						<line number="320" hits="0"></line>
						<line number="321" hits="0"></line>
						<line number="325" hits="0"></line>
						<line number="326" hits="0"></line>
						<line number="327" hits="0"></line>
						<line number="328" hits="0"></line>
						<line number="329" hits="0"></line>
						<line number="330" hits="0"></line>
						<line number="331" hits="0"></line>
					</lines>
				</class>
				<class name="DiskObservation" filename="github.com/nourspeed/provider-libvirt/apis/domain/v1alpha1/zz_generated.deepcopy.go" line-rate="0" branch-rate="0" complexity="0">
					<methods>
						<method name="DeepCopyInto" signature="" line-rate="0" branch-rate="0" complexity="0">
							<lines>
								<line number="335" hits="0"></line>
								<line number="336" hits="0"></line>
								<line number="337" hits="0"></line>
								<line number="338" hits="0"></line>
								<line number="339" hits="0"></line>
								<line number="340" hits="0"></line>
								<line number="341" hits="0"></line>
								<line number="342" hits="0"></line>
								<line number="343" hits="0"></line>
								<line number="344" hits="0"></line>
								<line number="345" hits="0"></line>
								<line number="346" hits="0"></line>
								<line number="347" hits="0"></line>
								<line number="348" hits="0"></line>
								<line number="349" hits="0"></line>
								<line number="350" hits="0"></line>
								<line number="351" hits="0"></line>
								<line number="352" hits="0"></line>
								<line number="353" hits="0"></line>
								<line number="354" hits="0"></line>
								<line number="355" hits="0"></line>
								<line number="356" hits="0"></line>
								<line number="357" hits="0"></line>
								<line number="358" hits="0"></line>
								<line number="359" hits="0"></line>
								<line number="360" hits="0"></line>
								<line number="361" hits="0"></line>
								<line number="362" hits="0"></line>
								<line number="363" hits="0"></line>
								<line number="364" hits="0"></line>
								<line number="365" hits="0"></line>
								<line number="366" hits="0"></line>
							</lines>
						</method>
						<method name="DeepCopy" signature="" line-rate="0" branch-rate="0" complexity="0">
							<lines>
								<line number="370" hits="0"></line>
								<line number="371" hits="0"></line>
								<line number="372" hits="0"></line>
								<line number="373" hits="0"></line>
								<line number="374" hits="0"></line>
								<line number="375" hits="0"></line>
								<line number="376" hits="0"></line>
							</lines>
						</method>
					</methods>
					<lines>
						<line number="335" hits="0"></line>
						<line number="336" hits="0"></line>
						<line number="337" hits="0"></line>
						<line number="338" hits="0"></line>
						<line number="339" hits="0"></line>
						<line number="340" hits="0"></line>
						<line number="341" hits="0"></line>
						<line number="342" hits="0"></line>
						<line number="343" hits="0"></line>
						<line number="344" hits="0"></line>
						<line number="345" hits="0"></line>
						<line number="346" hits="0"></line>
						<line number="347" hits="0"></line>
						<line number="348" hits="0"></line>
						<line number="349" hits="0"></line>
						<line number="350" hits="0"></line>
						<line number="351" hits="0"></line>
						<line number="352" hits="0"></line>
						<line number="353" hits="0"></line>
						<line number="354" hits="0"></line>
						<line number="355" hits="0"></line>
						<line number="356" hits="0"></line>
						<line number="357" hits="0"></line>
						<line number="358" hits="0"></line>
						<line number="359" hits="0"></line>
						<line number="360" hits="0"></line>
						<line number="361" hits="0"></line>
						<line number="362" hits="0"></line>
						<line number="363" hits="0"></line>
						<line number="364" hits="0"></line>
						<line number="365" hits="0"></line>
						<line number="366" hits="0"></line>
						<line number="370" hits="0"></line>
						<line number="371" hits="0"></line>
						<line number="372" hits="0"></line>
						<line number="373" hits="0"></line>
						<line number="374" hits="0"></line>
						<line number="375" hits="0"></line>
						<line number="376" hits="0"></line>
					</lines>
				</class>
				<class name="DiskParameters" filename="github.com/nourspeed/provider-libvirt/apis/domain/v1alpha1/zz_generated.deepcopy.go" line-rate="0" branch-rate="0" complexity="0">
					<methods>
						<method name="DeepCopyInto" signature="" line-rate="0" branch-rate="0" complexity="0">
							<lines>
								<line number="380" hits="0"></line>
								<line number="381" hits="0"></line>
								<line number="382" hits="0"></line>
								<line number="383" hits="0"></line>
								<line number="384" hits="0"></line>
								<line number="385" hits="0"></line>
								<line number="386" hits="0"></line>
								<line number="387" hits="0"></line>
								<line number="388" hits="0"></line>
								<line number="389" hits="0"></line>
								<line number="390" hits="0"></line>
								<line number="391" hits="0"></line>
								<line number="392" hits="0"></line>
								<line number="393" hits="0"></line>
								<line number="394" hits="0"></line>
								<line number="395" hits="0"></line>
								<line number="396" hits="0"></line>
								<line number="397" hits="0"></line>
								<line number="398" hits="0"></line>
								<line number="399" hits="0"></line>
								<line number="400" hits="0"></line>
								<line number="401" hits="0"></line>
								<line number="402" hits="0"></line>
								<line number="403" hits="0"></line>
								<line number="404" hits="0"></line>
								<line number="405" hits="0"></line>
								<line number="406" hits="0"></line>
								<line number="407" hits="0"></line>
								<line number="408" hits="0"></line>
								<line number="409" hits="0"></line>
								<line number="410" hits="0"></line>
								<line number="411" hits="0"></line>
							</lines>
						</method>
						<method name="DeepCopy" signature="" line-rate="0" branch-rate="0" complexity="0">
							<lines>
								<line number="415" hits="0"></line>
								<line number="416" hits="0"></line>
								<line number="417" hits="0"></line>
								<line number="418" hits="0"></line>
								<line number="419" hits="0"></line>
								<line number="420" hits="0"></line>
								<line number="421" hits="0"></line>
							</lines>
						</method>
					</methods>
					<lines>
						<line number="380" hits="0"></line>
						<line number="381" hits="0"></line>
						<line number="382" hits="0"></line>
						<line number="383" hits="0"></line>
						<line number="384" hits="0"></line>
						<line number="385" hits="0"></line>
						<line number="386" hits="0"></line>
						<line number="387" hits="0"></line>
						<line number="388" hits="0"></line>
						<line number="389" hits="0"></line>
						<line number="390" hits="0"></line>
						<line number="391" hits="0"></line>
						<line number="392" hits="0"></line>
						<line number="393" hits="0"></line>
						<line number="394" hits="0"></line>
						<line number="395" hits="0"></line>
						<line number="396" hits="0"></line>
						<line number="397" hits="0"></line>
						<line number="398" hits="0"></line>
						<line number="399" hits="0"></line>
						<line number="400" hits="0"></line>
						<line number="401" hits="0"></line>
						<line number="402" hits="0"></line>
						<line number="403" hits="0"></line>
						<line number="404" hits="0"></line>
						<line number="405" hits="0"></line>
						<line number="406" hits="0"></line>
						<line number="407" hits="0"></line>
						<line number="408" hits="0"></line>
						<line number="409" hits="0"></line>
						<line number="410" hits="0"></line>
						<line number="411" hits="0"></line>
						<line number="415" hits="0"></line>
						<line number="416" hits="0"></line>
						<line number="417" hits="0"></line>
						<line number="418" hits="0"></line>
						<line number="419" hits="0"></line>
						<line number="420" hits="0"></line>
						<line number="421" hits="0"></line>
					</lines>
				</class>
				<class name="Domain" filename="github.com/nourspeed/provider-libvirt/apis/domain/v1alpha1/zz_generated.deepcopy.go" line-rate="0" branch-rate="0" complexity="0">
					<methods>
						<method name="DeepCopyInto" signature="" line-rate="0" branch-rate="0" complexity="0">
							<lines>
								<line number="425" hits="0"></line>
								<line number="426" hits="0"></line>
								<line number="427" hits="0"></line>
								<line number="428" hits="0"></line>
								<line number="429" hits="0"></line>
								<line number="430" hits="0"></line>
								<line number="431" hits="0"></line>
							</lines>
						</method>
						<method name="DeepCopy" signature="" line-rate="0" branch-rate="0" complexity="0">
							<lines>
								<line number="434" hits="0"></line>
								<line number="435" hits="0"></line>
								<line number="436" hits="0"></line>
								<line number="437" hits="0"></line>
								<line number="438" hits="0"></line>
								<line number="439" hits="0"></line>
								<line number="440" hits="0"></line>
							</lines>
						</method>
						<method name="DeepCopyObject" signature="" line-rate="0" branch-rate="0" complexity="0">
							<lines>
								<line number="444" hits="0"></line>
								<line number="445" hits="0"></line>
								<line number="446" hits="0"></line>
								<line number="447" hits="0"></line>
								<line number="448" hits="0"></line>
							</lines>
						</method>
					</methods>
					<lines>
						<line number="425" hits="0"></line>
						<line number="426" hits="0"></line>
						<line number="427" hits="0"></line>
						<line number="428" hits="0"></line>
						<line number="429" hits="0"></line>
						<line number="430" hits="0"></line>
						<line number="431" hits="0"></line>
						<line number="434" hits="0"></line>
						<line number="435" hits="0"></line>
						<line number="436" hits="0"></line>
						<line number="437" hits="0"></line>
						<line number="438" hits="0"></line>
						<line number="439" hits="0"></line>
						<line number="440" hits="0"></line>
						<line number="444" hits="0"></line>
						<line number="445" hits="0"></line>
						<line number="446" hits="0"></line>
						<line number="447" hits="0"></line>
						<line number="448" hits="0"></line>
					</lines>
				</class>
				<class name="DomainInitParameters" filename="github.com/nourspeed/provider-libvirt/apis/domain/v1alpha1/zz_generated.deepcopy.go" line-rate="0" branch-rate="0" complexity="0">
					<methods>
						<method name="DeepCopyInto" signature="" line-rate="0" branch-rate="0" complexity="0">
							<lines>
								<line number="452" hits="0"></line>
								<line number="453" hits="0"></line>
								<line number="454" hits="0"></line>
								<line number="455" hits="0"></line>
								<line number="456" hits="0"></line>
								<line number="457" hits="0"></line>
								<line number="458" hits="0"></line>
								<line number="459" hits="0"></line>
								<line number="460" hits="0"></line>
								<line number="461" hits="0"></line>
								<line number="462" hits="0"></line>
								<line number="463" hits="0"></line>
								<line number="464" hits="0"></line>
								<line number="465" hits="0"></line>
								<line number="466" hits="0"></line>
								<line number="467" hits="0"></line>
								<line number="468" hits="0"></line>
								<line number="469" hits="0"></line>
								<line number="471" hits="0"></line>
								<line number="472" hits="0"></line>
								<line number="473" hits="0"></line>
								<line number="474" hits="0"></line>
								<line number="475" hits="0"></line>
								<line number="476" hits="0"></line>
								<line number="478" hits="0"></line>
								<line number="479" hits="0"></line>
								<line number="480" hits="0"></line>
								<line number="481" hits="0"></line>
								<line number="482" hits="0"></line>
								<line number="483" hits="0"></line>
								<line number="484" hits="0"></line>
								<line number="485" hits="0"></line>
								<line number="486" hits="0"></line>
								<line number="487" hits="0"></line>
								<line number="488" hits="0"></line>
								<line number="489" hits="0"></line>
								<line number="490" hits="0"></line>
								<line number="491" hits="0"></line>
								<line number="492" hits="0"></line>
								<line number="493" hits="0"></line>
								<line number="494" hits="0"></line>
								<line number="495" hits="0"></line>
								<line number="500" hits="0"></line>
								<line number="501" hits="0"></line>
								<line number="502" hits="0"></line>
								<line number="503" hits="0"></line>
								<line number="504" hits="0"></line>
								<line number="505" hits="0"></line>
								<line number="507" hits="0"></line>
								<line number="508" hits="0"></line>
								<line number="509" hits="0"></line>
								<line number="510" hits="0"></line>
								<line number="511" hits="0"></line>
								<line number="512" hits="0"></line>
								<line number="513" hits="0"></line>
								<line number="514" hits="0"></line>
								<line number="515" hits="0"></line>
								<line number="516" hits="0"></line>
								<line number="517" hits="0"></line>
								<line number="518" hits="0"></line>
								<line number="519" hits="0"></line>
								<line number="520" hits="0"></line>
								<line number="521" hits="0"></line>
								<line number="522" hits="0"></line>
								<line number="524" hits="0"></line>
								<line number="525" hits="0"></line>
								<line number="526" hits="0"></line>
								<line number="527" hits="0"></line>
								<line number="528" hits="0"></line>
								<line number="529" hits="0"></line>
								<line number="530" hits="0"></line>
								<line number="531" hits="0"></line>
								<line number="532" hits="0"></line>
								<line number="533" hits="0"></line>
								<line number="534" hits="0"></line>
								<line number="536" hits="0"></line>
								<line number="537" hits="0"></line>
								<line number="538" hits="0"></line>
								<line number="539" hits="0"></line>
								<line number="540" hits="0"></line>
								<line number="541" hits="0"></line>
								<line number="542" hits="0"></line>
								<line number="543" hits="0"></line>
								<line number="544" hits="0"></line>
								<line number="545" hits="0"></line>
								<line number="546" hits="0"></line>
								<line number="547" hits="0"></line>
								<line number="548" hits="0"></line>
								<line number="549" hits="0"></line>
								<line number="550" hits="0"></line>
								<line number="551" hits="0"></line>
								<line number="553" hits="0"></line>
								<line number="554" hits="0"></line>
								<line number="555" hits="0"></line>
								<line number="556" hits="0"></line>
								<line number="557" hits="0"></line>
								<line number="558" hits="0"></line>
								<line number="559" hits="0"></line>
								<line number="560" hits="0"></line>
								<line number="561" hits="0"></line>
								<line number="562" hits="0"></line>
								<line number="563" hits="0"></line>
								<line number="564" hits="0"></line>
								<line number="565" hits="0"></line>
								<line number="566" hits="0"></line>
								<line number="567" hits="0"></line>
								<line number="568" hits="0"></line>
								<line number="569" hits="0"></line>
								<line number="570" hits="0"></line>
								<line number="571" hits="0"></line>
								<line number="572" hits="0"></line>
								<line number="573" hits="0"></line>
								<line number="574" hits="0"></line>
								<line number="575" hits="0"></line>
								<line number="576" hits="0"></line>
								<line number="577" hits="0"></line>
								<line number="578" hits="0"></line>
								<line number="579" hits="0"></line>
								<line number="580" hits="0"></line>
								<line number="581" hits="0"></line>
								<line number="582" hits="0"></line>
								<line number="583" hits="0"></line>
								<line number="584" hits="0"></line>
								<line number="585" hits="0"></line>
								<line number="586" hits="0"></line>
								<line number="587" hits="0"></line>
								<line number="588" hits="0"></line>
								<line number="590" hits="0"></line>
								<line number="591" hits="0"></line>
								<line number="592" hits="0"></line>
								<line number="593" hits="0"></line>
								<line number="594" hits="0"></line>
								<line number="595" hits="0"></line>
								<line number="597" hits="0"></line>
								<line number="598" hits="0"></line>
								<line number="599" hits="0"></line>
								<line number="600" hits="0"></line>
								<line number="601" hits="0"></line>
								<line number="602" hits="0"></line>
								<line number="603" hits="0"></line>
								<line number="604" hits="0"></line>
								<line number="605" hits="0"></line>
								<line number="606" hits="0"></line>
								<line number="607" hits="0"></line>
								<line number="608" hits="0"></line>
								<line number="609" hits="0"></line>
								<line number="610" hits="0"></line>
								<line number="611" hits="0"></line>
								<line number="612" hits="0"></line>
								<line number="614" hits="0"></line>
								<line number="615" hits="0"></line>
								<line number="616" hits="0"></line>
								<line number="617" hits="0"></line>
								<line number="618" hits="0"></line>
								<line number="619" hits="0"></line>
								<line number="620" hits="0"></line>
								<line number="621" hits="0"></line>
								<line number="622" hits="0"></line>
								<line number="623" hits="0"></line>
								<line number="624" hits="0"></line>
								<line number="625" hits="0"></line>
								<line number="626" hits="0"></line>
								<line number="627" hits="0"></line>
								<line number="628" hits="0"></line>
								<line number="629" hits="0"></line>
								<line number="631" hits="0"></line>
								<line number="632" hits="0"></line>
								<line number="633" hits="0"></line>
								<line number="634" hits="0"></line>
								<line number="635" hits="0"></line>
								<line number="636" hits="0"></line>
							</lines>
						</method>
						<method name="DeepCopy" signature="" line-rate="0" branch-rate="0" complexity="0">
							<lines>
								<line number="641" hits="0"></line>
								<line number="642" hits="0"></line>
								<line number="643" hits="0"></line>
								<line number="644" hits="0"></line>
								<line number="645" hits="0"></line>
								<line number="646" hits="0"></line>
								<line number="647" hits="0"></line>
							</lines>
						</method>
					</methods>
					<lines>
						<line number="452" hits="0"></line>
						<line number="453" hits="0"></line>
						<line number="454" hits="0"></line>
						<line number="455" hits="0"></line>
						<line number="456" hits="0"></line>
						<line number="457" hits="0"></line>
						<line number="458" hits="0"></line>
						<line number="459" hits="0"></line>
						<line number="460" hits="0"></line>
						<line number="461" hits="0"></line>
						<line number="462" hits="0"></line>
						<line number="463" hits="0"></line>
						<line number="464" hits="0"></line>
						<line number="465" hits="0"></line>
						<line number="466" hits="0"></line>
						<line number="467" hits="0"></line>
						<line number="468" hits="0"></line>
						<line number="469" hits="0"></line>
						<line number="471" hits="0"></line>
						<line number="472" hits="0"></line>
						<line number="473" hits="0"></line>
						<line number="474" hits="0"></line>
						<line number="475" hits="0"></line>
						<line number="476" hits="0"></line>
						<line number="478" hits="0"></line>
						<line number="479" hits="0"></line>
						<line number="480" hits="0"></line>
						<line number="481" hits="0"></line>
						<line number="482" hits="0"></line>
						<line number="483" hits="0"></line>
						<line number="484" hits="0"></line>
						<line number="485" hits="0"></line>
						<line number="486" hits="0"></line>
						<line number="487" hits="0"></line>
						<line number="488" hits="0"></line>
						<line number="489" hits="0"></line>
						<line number="490" hits="0"></line>
						<line number="491" hits="0"></line>
						<line number="492" hits="0"></line>
						<line number="493" hits="0"></line>
						<line number="494" hits="0"></line>
						<line number="495" hits="0"></line>
						<line number="500" hits="0"></line>
[...]
						<line number="188" hits="1"></line>
						<line number="189" hits="81"></line>
						<line number="190" hits="81"></line>
						<line number="192" hits="0"></line>
						<line number="193" hits="0"></line>
						<line number="194" hits="0"></line>
						<line number="195" hits="1"></line>
						<line number="196" hits="1"></line>
						<line number="197" hits="1"></line>
						<line number="198" hits="1"></line>
						<line number="199" hits="1"></line>
						<line number="200" hits="0"></line>
						<line number="201" hits="0"></line>
						<line number="202" hits="0"></line>
						<line number="204" hits="1"></line>
						<line number="205" hits="1"></line>
						<line number="206" hits="0"></line>
						<line number="207" hits="0"></line>
						<line number="208" hits="0"></line>
						<line number="210" hits="1"></line>
						<line number="214" hits="7"></line>
						<line number="215" hits="7"></line>
						<line number="216" hits="2"></line>
						<line number="217" hits="2"></line>
						<line number="218" hits="1"></line>
						<line number="219" hits="1"></line>
						<line number="220" hits="1"></line>
						<line number="221" hits="1"></line>
						<line number="222" hits="2"></line>
						<line number="223" hits="2"></line>
						<line number="224" hits="1"></line>
						<line number="225" hits="1"></line>
					</lines>
				</class>
				<class name="Generator" filename="github.com/nourspeed/provider-libvirt/internal/naming/naming.go" line-rate="0.7567568" branch-rate="0" complexity="0">
					<methods>
						<method name="GenerateName" signature="" line-rate="0.8" branch-rate="0" complexity="0">
							<lines>
								<line number="66" hits="7"></line>
								<line number="67" hits="7"></line>
								<line number="68" hits="4"></line>
								<line number="69" hits="4"></line>
								<line number="70" hits="2"></line>
								<line number="71" hits="2"></line>
								<line number="72" hits="0"></line>
								<line number="73" hits="0"></line>
								<line number="74" hits="1"></line>
								<line number="75" hits="1"></line>
							</lines>
						</method>
						<method name="prefixProviderName" signature="" line-rate="1" branch-rate="0" complexity="0">
							<lines>
								<line number="80" hits="4"></line>
								<line number="81" hits="4"></line>
								<line number="82" hits="4"></line>
								<line number="83" hits="4"></line>
								<line number="84" hits="4"></line>
								<line number="85" hits="4"></line>
								<line number="86" hits="4"></line>
								<line number="87" hits="4"></line>
								<line number="88" hits="4"></line>
								<line number="89" hits="4"></line>
								<line number="90" hits="4"></line>
							</lines>
						</method>
						<method name="prefixHostName" signature="" line-rate="1" branch-rate="0" complexity="0">
							<lines>
								<line number="93" hits="2"></line>
								<line number="94" hits="2"></line>
								<line number="95" hits="2"></line>
								<line number="96" hits="2"></line>
								<line number="97" hits="2"></line>
								<line number="98" hits="2"></line>
								<line number="99" hits="2"></line>
								<line number="100" hits="2"></line>
								<line number="101" hits="2"></line>
							</lines>
						</method>
						<method name="appendHash" signature="" line-rate="0" branch-rate="0" complexity="0">
							<lines>
								<line number="104" hits="0"></line>
								<line number="105" hits="0"></line>
								<line number="106" hits="0"></line>
								<line number="107" hits="0"></line>
								<line number="108" hits="0"></line>
								<line number="109" hits="0"></line>
								<line number="110" hits="0"></line>
							</lines>
						</method>
					</methods>
					<lines>
						<line number="66" hits="7"></line>
						<line number="67" hits="7"></line>
						<line number="68" hits="4"></line>
						<line number="69" hits="4"></line>
						<line number="70" hits="2"></line>
						<line number="71" hits="2"></line>
						<line number="72" hits="0"></line>
						<line number="73" hits="0"></line>
						<line number="74" hits="1"></line>
						<line number="75" hits="1"></line>
						<line number="80" hits="4"></line>
						<line number="81" hits="4"></line>
						<line number="82" hits="4"></line>
						<line number="83" hits="4"></line>
						<line number="84" hits="4"></line>
						<line number="85" hits="4"></line>
						<line number="86" hits="4"></line>
						<line number="87" hits="4"></line>
						<line number="88" hits="4"></line>
						<line number="89" hits="4"></line>
						<line number="90" hits="4"></line>
						<line number="93" hits="2"></line>
						<line number="94" hits="2"></line>
						<line number="95" hits="2"></line>
						<line number="96" hits="2"></line>
						<line number="97" hits="2"></line>
						<line number="98" hits="2"></line>
						<line number="99" hits="2"></line>
						<line number="100" hits="2"></line>
						<line number="101" hits="2"></line>
						<line number="104" hits="0"></line>
						<line number="105" hits="0"></line>
						<line number="106" hits="0"></line>
						<line number="107" hits="0"></line>
						<line number="108" hits="0"></line>
						<line number="109" hits="0"></line>
						<line number="110" hits="0"></line>
					</lines>
				</class>
			</classes>
		</package>
		<package name="github.com/nourspeed/provider-libvirt/internal/webhook/domain" line-rate="0.44827586" branch-rate="0" complexity="0">
			<classes>
				<class name="-" filename="github.com/nourspeed/provider-libvirt/internal/webhook/domain/validator.go" line-rate="0" branch-rate="0" complexity="0">
					<methods>
						<method name="NewValidator" signature="" line-rate="0" branch-rate="0" complexity="0">
							<lines>
								<line number="38" hits="0"></line>
								<line number="39" hits="0"></line>
								<line number="40" hits="0"></line>
							</lines>
						</method>
					</methods>
					<lines>
						<line number="38" hits="0"></line>
						<line number="39" hits="0"></line>
						<line number="40" hits="0"></line>
					</lines>
				</class>
				<class name="Validator" filename="github.com/nourspeed/provider-libvirt/internal/webhook/domain/validator.go" line-rate="0.47272727" branch-rate="0" complexity="0">
					<methods>
						<method name="ValidateCreate" signature="" line-rate="0" branch-rate="0" complexity="0">
							<lines>
								<line number="43" hits="0"></line>
								<line number="44" hits="0"></line>
								<line number="45" hits="0"></line>
								<line number="46" hits="0"></line>
								<line number="47" hits="0"></line>
								<line number="49" hits="0"></line>
							</lines>
						</method>
						<method name="ValidateUpdate" signature="" line-rate="0" branch-rate="0" complexity="0">
							<lines>
								<line number="53" hits="0"></line>
								<line number="54" hits="0"></line>
								<line number="55" hits="0"></line>
								<line number="56" hits="0"></line>
								<line number="57" hits="0"></line>
								<line number="59" hits="0"></line>
							</lines>
						</method>
						<method name="ValidateDelete" signature="" line-rate="0" branch-rate="0" complexity="0">
							<lines>
								<line number="63" hits="0"></line>
								<line number="64" hits="0"></line>
								<line number="65" hits="0"></line>
								<line number="66" hits="0"></line>
							</lines>
						</method>
						<method name="validateDomain" signature="" line-rate="0.6666667" branch-rate="0" complexity="0">
							<lines>
								<line number="69" hits="4"></line>
								<line number="70" hits="4"></line>
								<line number="71" hits="4"></line>
								<line number="72" hits="3"></line>
								<line number="73" hits="3"></line>
								<line number="74" hits="3"></line>
								<line number="76" hits="1"></line>
								<line number="77" hits="1"></line>
								<line number="78" hits="1"></line>
								<line number="81" hits="2"></line>
								<line number="82" hits="1"></line>
								<line number="83" hits="1"></line>
								<line number="84" hits="1"></line>
								<line number="88" hits="0"></line>
								<line number="89" hits="0"></line>
								<line number="90" hits="0"></line>
								<line number="91" hits="0"></line>
								<line number="92" hits="0"></line>
								<line number="93" hits="0"></line>
								<line number="94" hits="0"></line>
								<line number="98" hits="2"></line>
							</lines>
						</method>
						<method name="validateCloudinitRef" signature="" line-rate="0.6666667" branch-rate="0" complexity="0">
							<lines>
								<line number="102" hits="2"></line>
								<line number="103" hits="0"></line>
								<line number="104" hits="0"></line>
								<line number="105" hits="0"></line>
								<line number="108" hits="2"></line>
								<line number="109" hits="0"></line>
								<line number="110" hits="0"></line>
								<line number="111" hits="0"></line>
								<line number="114" hits="2"></line>
								<line number="115" hits="2"></line>
								<line number="116" hits="2"></line>
								<line number="117" hits="2"></line>
								<line number="119" hits="1"></line>
								<line number="120" hits="1"></line>
								<line number="121" hits="1"></line>
								<line number="122" hits="1"></line>
								<line number="123" hits="1"></line>
								<line number="125" hits="1"></line>
							</lines>
						</method>
					</methods>
					<lines>
						<line number="43" hits="0"></line>
						<line number="44" hits="0"></line>
						<line number="45" hits="0"></line>
						<line number="46" hits="0"></line>
						<line number="47" hits="0"></line>
						<line number="49" hits="0"></line>
						<line number="53" hits="0"></line>
						<line number="54" hits="0"></line>
						<line number="55" hits="0"></line>
						<line number="56" hits="0"></line>
						<line number="57" hits="0"></line>
						<line number="59" hits="0"></line>
						<line number="63" hits="0"></line>
						<line number="64" hits="0"></line>
						<line number="65" hits="0"></line>
						<line number="66" hits="0"></line>
						<line number="69" hits="4"></line>
						<line number="70" hits="4"></line>
						<line number="71" hits="4"></line>
						<line number="72" hits="3"></line>
						<line number="73" hits="3"></line>
						<line number="74" hits="3"></line>
						<line number="76" hits="1"></line>
						<line number="77" hits="1"></line>
						<line number="78" hits="1"></line>
						<line number="81" hits="2"></line>
						<line number="82" hits="1"></line>
						<line number="83" hits="1"></line>
						<line number="84" hits="1"></line>
						<line number="88" hits="0"></line>
						<line number="89" hits="0"></line>
						<line number="90" hits="0"></line>
						<line number="91" hits="0"></line>
						<line number="92" hits="0"></line>
						<line number="93" hits="0"></line>
						<line number="94" hits="0"></line>
						<line number="98" hits="2"></line>
						<line number="102" hits="2"></line>
						<line number="103" hits="0"></line>
						<line number="104" hits="0"></line>
						<line number="105" hits="0"></line>
						<line number="108" hits="2"></line>
						<line number="109" hits="0"></line>
						<line number="110" hits="0"></line>
						<line number="111" hits="0"></line>
						<line number="114" hits="2"></line>
						<line number="115" hits="2"></line>
						<line number="116" hits="2"></line>
						<line number="117" hits="2"></line>
						<line number="119" hits="1"></line>
						<line number="120" hits="1"></line>
						<line number="121" hits="1"></line>
						<line number="122" hits="1"></line>
						<line number="123" hits="1"></line>
						<line number="125" hits="1"></line>
					</lines>
				</class>
			</classes>
		</package>
		<package name="github.com/nourspeed/provider-libvirt/internal/webhook" line-rate="0" branch-rate="0" complexity="0">
			<classes>
				<class name="-" filename="github.com/nourspeed/provider-libvirt/internal/webhook/setup.go" line-rate="0" branch-rate="0" complexity="0">
					<methods>
						<method name="Setup" signature="" line-rate="0" branch-rate="0" complexity="0">
							<lines>
								<line number="29" hits="0"></line>
								<line number="30" hits="0"></line>
								<line number="31" hits="0"></line>
								<line number="32" hits="0"></line>
								<line number="33" hits="0"></line>
								<line number="34" hits="0"></line>
								<line number="35" hits="0"></line>
								<line number="36" hits="0"></line>
								<line number="39" hits="0"></line>
								<line number="40" hits="0"></line>
								<line number="41" hits="0"></line>
								<line number="42" hits="0"></line>
								<line number="43" hits="0"></line>
								<line number="44" hits="0"></line>
								<line number="46" hits="0"></line>
							</lines>
						</method>
					</methods>
					<lines>
						<line number="29" hits="0"></line>
						<line number="30" hits="0"></line>
						<line number="31" hits="0"></line>
						<line number="32" hits="0"></line>
						<line number="33" hits="0"></line>
						<line number="34" hits="0"></line>
						<line number="35" hits="0"></line>
						<line number="36" hits="0"></line>
						<line number="39" hits="0"></line>
						<line number="40" hits="0"></line>
						<line number="41" hits="0"></line>
						<line number="42" hits="0"></line>
						<line number="43" hits="0"></line>
						<line number="44" hits="0"></line>
						<line number="46" hits="0"></line>
					</lines>
				</class>
			</classes>
		</package>
		<package name="github.com/nourspeed/provider-libvirt/internal/webhook/volume" line-rate="0" branch-rate="0" complexity="0">
			<classes>
				<class name="-" filename="github.com/nourspeed/provider-libvirt/internal/webhook/volume/validator.go" line-rate="0" branch-rate="0" complexity="0">
					<methods>
						<method name="NewValidator" signature="" line-rate="0" branch-rate="0" complexity="0">
							<lines>
								<line number="37" hits="0"></line>
								<line number="38" hits="0"></line>
								<line number="39" hits="0"></line>
							</lines>
						</method>
					</methods>
					<lines>
						<line number="37" hits="0"></line>
						<line number="38" hits="0"></line>
						<line number="39" hits="0"></line>
					</lines>
				</class>
				<class name="Validator" filename="github.com/nourspeed/provider-libvirt/internal/webhook/volume/validator.go" line-rate="0" branch-rate="0" complexity="0">
					<methods>
						<method name="ValidateCreate" signature="" line-rate="0" branch-rate="0" complexity="0">
							<lines>
								<line number="42" hits="0"></line>
								<line number="43" hits="0"></line>
								<line number="44" hits="0"></line>
								<line number="45" hits="0"></line>
								<line number="46" hits="0"></line>
								<line number="48" hits="0"></line>
							</lines>
						</method>
						<method name="ValidateUpdate" signature="" line-rate="0" branch-rate="0" complexity="0">
							<lines>
								<line number="52" hits="0"></line>
								<line number="53" hits="0"></line>
								<line number="54" hits="0"></line>
								<line number="55" hits="0"></line>
								<line number="56" hits="0"></line>
								<line number="58" hits="0"></line>
							</lines>
						</method>
						<method name="ValidateDelete" signature="" line-rate="0" branch-rate="0" complexity="0">
							<lines>
								<line number="62" hits="0"></line>
								<line number="63" hits="0"></line>
								<line number="64" hits="0"></line>
								<line number="65" hits="0"></line>
							</lines>
						</method>
						<method name="validateVolume" signature="" line-rate="0" branch-rate="0" complexity="0">
							<lines>
								<line number="68" hits="0"></line>
								<line number="69" hits="0"></line>
								<line number="70" hits="0"></line>
								<line number="71" hits="0"></line>
								<line number="72" hits="0"></line>
								<line number="73" hits="0"></line>
								<line number="75" hits="0"></line>
								<line number="76" hits="0"></line>
								<line number="77" hits="0"></line>
								<line number="80" hits="0"></line>
								<line number="81" hits="0"></line>
								<line number="82" hits="0"></line>
								<line number="83" hits="0"></line>
								<line number="87" hits="0"></line>
								<line number="88" hits="0"></line>
								<line number="89" hits="0"></line>
								<line number="90" hits="0"></line>
								<line number="92" hits="0"></line>
							</lines>
						</method>
						<method name="validatePoolRef" signature="" line-rate="0" branch-rate="0" complexity="0">
							<lines>
								<line number="96" hits="0"></line>
								<line number="97" hits="0"></line>
								<line number="98" hits="0"></line>
								<line number="99" hits="0"></line>
								<line number="102" hits="0"></line>
								<line number="103" hits="0"></line>
								<line number="104" hits="0"></line>
								<line number="105" hits="0"></line>
								<line number="107" hits="0"></line>
								<line number="108" hits="0"></line>
								<line number="109" hits="0"></line>
								<line number="110" hits="0"></line>
								<line number="111" hits="0"></line>
								<line number="112" hits="0"></line>
								<line number="113" hits="0"></line>
								<line number="115" hits="0"></line>
								<line number="116" hits="0"></line>
								<line number="117" hits="0"></line>
								<line number="118" hits="0"></line>
								<line number="119" hits="0"></line>
								<line number="120" hits="0"></line>
								<line number="126" hits="0"></line>
							</lines>
						</method>
					</methods>
					<lines>
						<line number="42" hits="0"></line>
						<line number="43" hits="0"></line>
						<line number="44" hits="0"></line>
						<line number="45" hits="0"></line>
						<line number="46" hits="0"></line>
						<line number="48" hits="0"></line>
						<line number="52" hits="0"></line>
						<line number="53" hits="0"></line>
						<line number="54" hits="0"></line>
						<line number="55" hits="0"></line>
						<line number="56" hits="0"></line>
						<line number="58" hits="0"></line>
						<line number="62" hits="0"></line>
						<line number="63" hits="0"></line>
						<line number="64" hits="0"></line>
						<line number="65" hits="0"></line>
						<line number="68" hits="0"></line>
						<line number="69" hits="0"></line>
						<line number="70" hits="0"></line>
						<line number="71" hits="0"></line>
						<line number="72" hits="0"></line>
						<line number="73" hits="0"></line>
						<line number="75" hits="0"></line>
						<line number="76" hits="0"></line>
						<line number="77" hits="0"></line>
						<line number="80" hits="0"></line>
						<line number="81" hits="0"></line>
						<line number="82" hits="0"></line>
						<line number="83" hits="0"></line>
						<line number="87" hits="0"></line>
						<line number="88" hits="0"></line>
						<line number="89" hits="0"></line>
						<line number="90" hits="0"></line>
						<line number="92" hits="0"></line>
						<line number="96" hits="0"></line>
						<line number="97" hits="0"></line>
						<line number="98" hits="0"></line>
						<line number="99" hits="0"></line>
						<line number="102" hits="0"></line>
						<line number="103" hits="0"></line>
						<line number="104" hits="0"></line>
						<line number="105" hits="0"></line>
						<line number="107" hits="0"></line>
						<line number="108" hits="0"></line>
						<line number="109" hits="0"></line>
						<line number="110" hits="0"></line>
						<line number="111" hits="0"></line>
						<line number="112" hits="0"></line>
						<line number="113" hits="0"></line>
						<line number="115" hits="0"></line>
						<line number="116" hits="0"></line>
						<line number="117" hits="0"></line>
						<line number="118" hits="0"></line>
						<line number="119" hits="0"></line>
						<line number="120" hits="0"></line>
						<line number="126" hits="0"></line>
					</lines>
				</class>
			</classes>
		</package>
	</packages>
</coverage>
